2020-10-12 17:49:12,524 - [run_test.py-->line:16] - INFO: ---------正在开启测试运行程序----------
2020-10-12 17:49:14,426 - [test_acquirecampaign.py-->line:324] - INFO: 正在请求地址http://advertiseconf.apps01.ali-bj-sit01.shuheo.net/advertiseconf/advertiseConfigs/f7c0fbd2-c14d-492b-8871-f9e51b352736
2020-10-12 17:49:14,766 - [test_acquirecampaign.py-->line:356] - DEBUG: 根据广告配置codes获取存在的广告配置，该条用例执行通过
2020-10-12 17:49:14,766 - [test_acquirecampaign.py-->line:324] - INFO: 正在请求地址http://advertiseconf.apps01.ali-bj-sit01.shuheo.net/advertiseconf/advertiseConfigs/xxxx
2020-10-12 17:49:15,029 - [test_acquirecampaign.py-->line:356] - DEBUG: 根据广告配置codes获取不存在的广告配置，该条用例执行通过
2020-10-12 17:49:15,029 - [test_acquirecampaign.py-->line:68] - INFO: 正在请求地址http://advertiseconf.apps01.ali-bj-sit01.shuheo.net/advertiseconf/safety/advertises/tabP
2020-10-12 17:49:15,284 - [test_acquirecampaign.py-->line:92] - DEBUG: 通过pageId获取保底广告,存在的pagid，该条用例执行通过
2020-10-12 17:49:15,284 - [test_acquirecampaign.py-->line:68] - INFO: 正在请求地址http://advertiseconf.apps01.ali-bj-sit01.shuheo.net/advertiseconf/safety/advertises/xxxx
2020-10-12 17:49:15,455 - [test_acquirecampaign.py-->line:92] - DEBUG: 通过pageId获取保底广告,使用不存在的pagid，该条用例执行通过
2020-10-12 17:49:15,456 - [test_acquirecampaign.py-->line:162] - INFO: 正在请求地址http://advertiseconf.apps01.ali-bj-sit01.shuheo.net/advertiseconf/getAdvertiseByCode?adConfigcode=87672d76-2d04-432e-a857-28ba9befe7bf
2020-10-12 17:49:15,673 - [test_acquirecampaign.py-->line:194] - DEBUG: 根据广告配置code获取存在的广告配置，该条用例执行通过
2020-10-12 17:49:15,673 - [test_acquirecampaign.py-->line:162] - INFO: 正在请求地址http://advertiseconf.apps01.ali-bj-sit01.shuheo.net/advertiseconf/getAdvertiseByCode?adConfigcode=XXXX
2020-10-12 17:49:15,887 - [test_acquirecampaign.py-->line:194] - DEBUG: 根据广告配置code获取不存在的广告配置，该条用例执行通过
2020-10-12 17:49:15,887 - [test_acquirecampaign.py-->line:377] - INFO: 正在请求地址http://advertiseconf.apps01.ali-bj-sit01.shuheo.net/advertiseconf/getAdvertiseConfigDetails?advertiseConfigCodes=33087e31-2f8d-48a6-8826-02ca0bd12c8e
2020-10-12 17:49:16,089 - [test_acquirecampaign.py-->line:408] - DEBUG: 根据广告配置codes获取存在的广告配置，该条用例执行通过
2020-10-12 17:49:16,089 - [test_acquirecampaign.py-->line:377] - INFO: 正在请求地址http://advertiseconf.apps01.ali-bj-sit01.shuheo.net/advertiseconf/getAdvertiseConfigDetails?advertiseConfigCodes=xxxx
2020-10-12 17:49:16,281 - [test_acquirecampaign.py-->line:408] - DEBUG: 根据广告配置codes获取不存在的广告配置，直接抛错，该条用例执行通过
2020-10-12 17:49:16,281 - [test_acquirecampaign.py-->line:216] - INFO: 正在请求地址http://advertiseconf.apps01.ali-bj-sit01.shuheo.net/advertiseconf/getAdvertisesListByCodes?adConfigcodes=87672d76-2d04-432e-a857-28ba9befe7bf
2020-10-12 17:49:16,505 - [test_acquirecampaign.py-->line:248] - DEBUG: 根据广告配置codes获取存在的广告配置，该条用例执行通过
2020-10-12 17:49:16,505 - [test_acquirecampaign.py-->line:216] - INFO: 正在请求地址http://advertiseconf.apps01.ali-bj-sit01.shuheo.net/advertiseconf/getAdvertisesListByCodes?adConfigcodes=XXXX
2020-10-12 17:49:16,710 - [test_acquirecampaign.py-->line:248] - DEBUG: 根据广告配置codes获取不存在的广告配置，该条用例执行通过
2020-10-12 17:49:16,712 - [test_acquirecampaign.py-->line:115] - INFO: 正在请求地址http://advertiseconf.apps01.ali-bj-sit01.shuheo.net/advertiseconf/safety/getAdvertises/tabP
2020-10-12 17:49:16,930 - [test_acquirecampaign.py-->line:139] - DEBUG: 通过pageId获取保底广告,存在的pagid，该条用例执行通过
2020-10-12 17:49:16,931 - [test_acquirecampaign.py-->line:115] - INFO: 正在请求地址http://advertiseconf.apps01.ali-bj-sit01.shuheo.net/advertiseconf/safety/getAdvertises/xxxxx
2020-10-12 17:49:17,087 - [test_acquirecampaign.py-->line:139] - DEBUG: 通过pageId获取保底广告,使用不存在的pagid，该条用例执行通过
2020-10-12 17:49:17,087 - [test_acquirecampaign.py-->line:270] - INFO: 正在请求地址http://advertiseconf.apps01.ali-bj-sit01.shuheo.net/advertiseconf/getMaterialByCode?code=d305d01c-1460-4333-9a2f-84dea1df6fb0
2020-10-12 17:49:17,271 - [test_acquirecampaign.py-->line:302] - DEBUG: 根据广告配置codes获取存在的广告配置，该条用例执行通过
2020-10-12 17:49:17,271 - [test_acquirecampaign.py-->line:270] - INFO: 正在请求地址http://advertiseconf.apps01.ali-bj-sit01.shuheo.net/advertiseconf/getMaterialByCode?code=XXXX
2020-10-12 17:49:17,471 - [test_acquirecampaign.py-->line:302] - DEBUG: 根据广告配置codes获取不存在的广告配置，该条用例执行通过
2020-10-12 17:49:17,471 - [test_acquirecampaign.py-->line:377] - INFO: 正在请求地址http://advertiseconf.apps01.ali-bj-sit01.shuheo.net/advertiseconf/getAdvertiseConfigDetails?advertiseConfigCodes=33087e31-2f8d-48a6-8826-02ca0bd12c8e
2020-10-12 17:49:17,694 - [test_acquirecampaign.py-->line:408] - DEBUG: 根据广告配置codes获取存在的广告配置，该条用例执行通过
2020-10-12 17:49:17,695 - [test_acquirecampaign.py-->line:377] - INFO: 正在请求地址http://advertiseconf.apps01.ali-bj-sit01.shuheo.net/advertiseconf/getAdvertiseConfigDetails?advertiseConfigCodes=xxxx
2020-10-12 17:49:18,274 - [test_acquirecampaign.py-->line:408] - DEBUG: 根据广告配置codes获取不存在的广告配置，直接抛错，该条用例执行通过
2020-10-12 17:49:18,275 - [run_test.py-->line:51] - INFO: ---------测试运行程序执行完毕----------
2020-10-12 17:52:47,780 - [run_test.py-->line:16] - INFO: ---------正在开启测试运行程序----------
2020-10-12 17:52:47,781 - [test_acquirecampaign.py-->line:377] - INFO: 正在请求地址http://advertiseconf.apps01.ali-bj-sit01.shuheo.net/advertiseconf/getAdvertiseConfigDetails?advertiseConfigCodes=33087e31-2f8d-48a6-8826-02ca0bd12c8e
2020-10-12 17:52:47,996 - [test_acquirecampaign.py-->line:408] - DEBUG: 根据广告配置codes获取存在的广告配置，该条用例执行通过
2020-10-12 17:52:47,997 - [test_acquirecampaign.py-->line:377] - INFO: 正在请求地址http://advertiseconf.apps01.ali-bj-sit01.shuheo.net/advertiseconf/getAdvertiseConfigDetails?advertiseConfigCodes=xxxx
2020-10-12 17:52:48,195 - [test_acquirecampaign.py-->line:408] - DEBUG: 根据广告配置codes获取不存在的广告配置，直接抛错，该条用例执行通过
2020-10-12 17:52:48,195 - [run_test.py-->line:51] - INFO: ---------测试运行程序执行完毕----------
2020-10-12 18:44:38,669 - [run_test.py-->line:16] - INFO: ---------正在开启测试运行程序----------
2020-10-12 18:44:38,671 - [test_acquirecampaign.py-->line:377] - INFO: 正在请求地址http://advertiseconf.apps01.ali-bj-sit01.shuheo.net/advertiseconf/getAdvertiseConfigDetails?advertiseConfigCodes=33087e31-2f8d-48a6-8826-02ca0bd12c8e
2020-10-12 18:45:08,701 - [test_acquirecampaign.py-->line:377] - INFO: 正在请求地址http://advertiseconf.apps01.ali-bj-sit01.shuheo.net/advertiseconf/getAdvertiseConfigDetails?advertiseConfigCodes=xxxx
2020-10-12 18:45:08,898 - [run_test.py-->line:51] - INFO: ---------测试运行程序执行完毕----------
2020-10-12 18:46:27,186 - [run_test.py-->line:16] - INFO: ---------正在开启测试运行程序----------
2020-10-12 18:46:27,187 - [test_acquirecampaign.py-->line:377] - INFO: 正在请求地址http://advertiseconf.apps01.ali-bj-sit01.shuheo.net/advertiseconf/getAdvertiseConfigDetails?advertiseConfigCodes=33087e31-2f8d-48a6-8826-02ca0bd12c8e
2020-10-12 18:46:27,556 - [test_acquirecampaign.py-->line:377] - INFO: 正在请求地址http://advertiseconf.apps01.ali-bj-sit01.shuheo.net/advertiseconf/getAdvertiseConfigDetails?advertiseConfigCodes=xxxx
2020-10-12 18:46:27,727 - [run_test.py-->line:51] - INFO: ---------测试运行程序执行完毕----------
2020-10-12 18:50:51,270 - [run_test.py-->line:16] - INFO: ---------正在开启测试运行程序----------
2020-10-12 18:50:51,273 - [test_acquirecampaign.py-->line:377] - INFO: 正在请求地址http://advertiseconf.apps01.ali-bj-sit01.shuheo.net/advertiseconf/getAdvertiseConfigDetails?advertiseConfigCodes=33087e31-2f8d-48a6-8826-02ca0bd12c8e
2020-10-12 18:50:51,511 - [test_acquirecampaign.py-->line:377] - INFO: 正在请求地址http://advertiseconf.apps01.ali-bj-sit01.shuheo.net/advertiseconf/getAdvertiseConfigDetails?advertiseConfigCodes=xxxx
2020-10-12 18:50:51,924 - [run_test.py-->line:51] - INFO: ---------测试运行程序执行完毕----------
2020-10-12 18:53:56,176 - [run_test.py-->line:16] - INFO: ---------正在开启测试运行程序----------
2020-10-12 18:53:56,177 - [test_acquirecampaign.py-->line:377] - INFO: 正在请求地址http://advertiseconf.apps01.ali-bj-sit01.shuheo.net/advertiseconf/getAdvertiseConfigDetails?advertiseConfigCodes=33087e31-2f8d-48a6-8826-02ca0bd12c8e
2020-10-12 18:53:56,671 - [test_acquirecampaign.py-->line:408] - DEBUG: 根据广告配置codes获取存在的广告配置，该条用例执行通过
2020-10-12 18:53:56,672 - [test_acquirecampaign.py-->line:377] - INFO: 正在请求地址http://advertiseconf.apps01.ali-bj-sit01.shuheo.net/advertiseconf/getAdvertiseConfigDetails?advertiseConfigCodes=xxxx
2020-10-12 18:53:57,101 - [test_acquirecampaign.py-->line:408] - DEBUG: 根据广告配置codes获取不存在的广告配置，直接抛错，该条用例执行通过
2020-10-12 18:53:57,101 - [run_test.py-->line:51] - INFO: ---------测试运行程序执行完毕----------
2020-10-13 14:18:50,163 - [run_test.py-->line:16] - INFO: ---------正在开启测试运行程序----------
2020-10-13 14:18:50,164 - [test_acquirecampaign.py-->line:377] - INFO: 正在请求地址http://advertiseconf.apps01.ali-bj-sit01.shuheo.net/advertiseconf/getAdvertiseConfigDetails?advertiseConfigCodes=33087e31-2f8d-48a6-8826-02ca0bd12c8e
2020-10-13 14:18:50,416 - [test_acquirecampaign.py-->line:377] - INFO: 正在请求地址http://advertiseconf.apps01.ali-bj-sit01.shuheo.net/advertiseconf/getAdvertiseConfigDetails?advertiseConfigCodes=xxxx
2020-10-13 14:18:50,625 - [run_test.py-->line:51] - INFO: ---------测试运行程序执行完毕----------
2020-10-13 14:22:37,903 - [run_test.py-->line:16] - INFO: ---------正在开启测试运行程序----------
2020-10-13 14:22:37,905 - [test_acquirecampaign.py-->line:377] - INFO: 正在请求地址http://advertiseconf.apps01.ali-bj-sit01.shuheo.net/advertiseconf/getAdvertiseConfigDetails?advertiseConfigCodes=33087e31-2f8d-48a6-8826-02ca0bd12c8e
2020-10-13 14:22:38,077 - [test_acquirecampaign.py-->line:377] - INFO: 正在请求地址http://advertiseconf.apps01.ali-bj-sit01.shuheo.net/advertiseconf/getAdvertiseConfigDetails?advertiseConfigCodes=xxxx
2020-10-13 14:22:38,259 - [run_test.py-->line:51] - INFO: ---------测试运行程序执行完毕----------
2020-10-13 14:53:22,625 - [run_test.py-->line:16] - INFO: ---------正在开启测试运行程序----------
2020-10-13 14:53:22,631 - [test_acquirecampaign.py-->line:377] - INFO: 正在请求地址http://advertiseconf.apps01.ali-bj-sit01.shuheo.net/advertiseconf/getAdvertiseConfigDetails?advertiseConfigCodes=33087e31-2f8d-48a6-8826-02ca0bd12c8e
2020-10-13 14:53:39,496 - [test_acquirecampaign.py-->line:377] - INFO: 正在请求地址http://advertiseconf.apps01.ali-bj-sit01.shuheo.net/advertiseconf/getAdvertiseConfigDetails?advertiseConfigCodes=xxxx
2020-10-13 14:53:46,935 - [run_test.py-->line:51] - INFO: ---------测试运行程序执行完毕----------
2020-10-13 14:55:05,854 - [run_test.py-->line:16] - INFO: ---------正在开启测试运行程序----------
2020-10-13 14:55:05,855 - [test_acquirecampaign.py-->line:377] - INFO: 正在请求地址http://advertiseconf.apps01.ali-bj-sit01.shuheo.net/advertiseconf/getAdvertiseConfigDetails?advertiseConfigCodes=33087e31-2f8d-48a6-8826-02ca0bd12c8e
2020-10-13 14:55:06,055 - [test_acquirecampaign.py-->line:377] - INFO: 正在请求地址http://advertiseconf.apps01.ali-bj-sit01.shuheo.net/advertiseconf/getAdvertiseConfigDetails?advertiseConfigCodes=xxxx
2020-10-13 14:55:06,194 - [run_test.py-->line:51] - INFO: ---------测试运行程序执行完毕----------
2020-10-13 14:57:16,243 - [run_test.py-->line:16] - INFO: ---------正在开启测试运行程序----------
2020-10-13 14:57:16,244 - [test_acquirecampaign.py-->line:377] - INFO: 正在请求地址http://advertiseconf.apps01.ali-bj-sit01.shuheo.net/advertiseconf/getAdvertiseConfigDetails?advertiseConfigCodes=33087e31-2f8d-48a6-8826-02ca0bd12c8e
2020-10-13 14:57:16,380 - [test_acquirecampaign.py-->line:377] - INFO: 正在请求地址http://advertiseconf.apps01.ali-bj-sit01.shuheo.net/advertiseconf/getAdvertiseConfigDetails?advertiseConfigCodes=xxxx
2020-10-13 14:57:16,510 - [run_test.py-->line:51] - INFO: ---------测试运行程序执行完毕----------
2020-10-13 14:58:04,436 - [run_test.py-->line:16] - INFO: ---------正在开启测试运行程序----------
2020-10-13 14:58:04,438 - [test_acquirecampaign.py-->line:377] - INFO: 正在请求地址http://advertiseconf.apps01.ali-bj-sit01.shuheo.net/advertiseconf/getAdvertiseConfigDetails?advertiseConfigCodes=33087e31-2f8d-48a6-8826-02ca0bd12c8e
2020-10-13 14:58:04,609 - [test_acquirecampaign.py-->line:377] - INFO: 正在请求地址http://advertiseconf.apps01.ali-bj-sit01.shuheo.net/advertiseconf/getAdvertiseConfigDetails?advertiseConfigCodes=xxxx
2020-10-13 14:58:04,781 - [run_test.py-->line:51] - INFO: ---------测试运行程序执行完毕----------
2020-10-13 14:58:37,221 - [run_test.py-->line:16] - INFO: ---------正在开启测试运行程序----------
2020-10-13 14:58:37,225 - [test_acquirecampaign.py-->line:377] - INFO: 正在请求地址http://advertiseconf.apps01.ali-bj-sit01.shuheo.net/advertiseconf/getAdvertiseConfigDetails?advertiseConfigCodes=33087e31-2f8d-48a6-8826-02ca0bd12c8e
2020-10-13 14:58:49,088 - [test_acquirecampaign.py-->line:377] - INFO: 正在请求地址http://advertiseconf.apps01.ali-bj-sit01.shuheo.net/advertiseconf/getAdvertiseConfigDetails?advertiseConfigCodes=xxxx
2020-10-13 14:59:08,270 - [run_test.py-->line:51] - INFO: ---------测试运行程序执行完毕----------
